{"/mnt/c/Users/yimsj/Desktop/College Work/Summer 2021/COP 4331/kindling-21-mobile/assets/background.png": {"path":"/mnt/c/Users/yimsj/Desktop/College Work/Summer 2021/COP 4331/kindling-21-mobile/assets/background.png","statementMap":{"0":{"start":{"line":1,"column":0},"end":{"line":4,"column":6}}},"fnMap":{},"branchMap":{},"s":{"0":1},"f":{},"b":{},"inputSourceMap":null,"_coverageSchema":"1a1c01bbd47fc00a2c39e90264f33305004495a9","hash":"e227781a216a5978a6b06e15823fda250c837ffc"}
,"/mnt/c/Users/yimsj/Desktop/College Work/Summer 2021/COP 4331/kindling-21-mobile/screens/global.js": {"path":"/mnt/c/Users/yimsj/Desktop/College Work/Summer 2021/COP 4331/kindling-21-mobile/screens/global.js","statementMap":{"0":{"start":{"line":1,"column":0},"end":{"line":1,"column":18}},"1":{"start":{"line":2,"column":0},"end":{"line":2,"column":21}},"2":{"start":{"line":3,"column":0},"end":{"line":3,"column":24}},"3":{"start":{"line":4,"column":0},"end":{"line":4,"column":22}},"4":{"start":{"line":5,"column":0},"end":{"line":5,"column":21}},"5":{"start":{"line":6,"column":0},"end":{"line":6,"column":21}},"6":{"start":{"line":7,"column":0},"end":{"line":7,"column":18}},"7":{"start":{"line":8,"column":0},"end":{"line":8,"column":149}},"8":{"start":{"line":13,"column":0},"end":{"line":13,"column":21}},"9":{"start":{"line":16,"column":0},"end":{"line":16,"column":24}},"10":{"start":{"line":18,"column":0},"end":{"line":18,"column":23}},"11":{"start":{"line":20,"column":0},"end":{"line":20,"column":23}},"12":{"start":{"line":21,"column":0},"end":{"line":21,"column":25}},"13":{"start":{"line":22,"column":0},"end":{"line":22,"column":22}},"14":{"start":{"line":23,"column":0},"end":{"line":23,"column":26}},"15":{"start":{"line":24,"column":0},"end":{"line":24,"column":22}},"16":{"start":{"line":25,"column":0},"end":{"line":25,"column":28}},"17":{"start":{"line":26,"column":0},"end":{"line":26,"column":24}},"18":{"start":{"line":27,"column":0},"end":{"line":27,"column":27}},"19":{"start":{"line":28,"column":0},"end":{"line":28,"column":29}},"20":{"start":{"line":29,"column":0},"end":{"line":29,"column":24}},"21":{"start":{"line":30,"column":0},"end":{"line":30,"column":22}},"22":{"start":{"line":31,"column":0},"end":{"line":31,"column":21}},"23":{"start":{"line":33,"column":0},"end":{"line":33,"column":24}}},"fnMap":{},"branchMap":{},"s":{"0":2,"1":2,"2":2,"3":2,"4":2,"5":2,"6":2,"7":2,"8":2,"9":2,"10":2,"11":2,"12":2,"13":2,"14":2,"15":2,"16":2,"17":2,"18":2,"19":2,"20":2,"21":2,"22":2,"23":2},"f":{},"b":{},"_coverageSchema":"1a1c01bbd47fc00a2c39e90264f33305004495a9","hash":"cfe606031abcbe4d757558e45a22d159f0b5f26b"}
,"/mnt/c/Users/yimsj/Desktop/College Work/Summer 2021/COP 4331/kindling-21-mobile/screens/loginscreen.js": {"path":"/mnt/c/Users/yimsj/Desktop/College Work/Summer 2021/COP 4331/kindling-21-mobile/screens/loginscreen.js","statementMap":{"0":{"start":{"line":10,"column":4},"end":{"line":10,"column":17}},"1":{"start":{"line":11,"column":4},"end":{"line":14,"column":6}},"2":{"start":{"line":18,"column":4},"end":{"line":41,"column":5}},"3":{"start":{"line":25,"column":36},"end":{"line":25,"column":54}},"4":{"start":{"line":31,"column":36},"end":{"line":31,"column":57}},"5":{"start":{"line":44,"column":14},"end":{"line":48,"column":3}},"6":{"start":{"line":47,"column":4},"end":{"line":47,"column":49}},"7":{"start":{"line":50,"column":13},"end":{"line":52,"column":3}},"8":{"start":{"line":51,"column":4},"end":{"line":51,"column":23}},"9":{"start":{"line":54,"column":16},"end":{"line":56,"column":3}},"10":{"start":{"line":55,"column":4},"end":{"line":55,"column":26}},"11":{"start":{"line":58,"column":17},"end":{"line":89,"column":3}},"12":{"start":{"line":59,"column":4},"end":{"line":88,"column":5}},"13":{"start":{"line":60,"column":17},"end":{"line":63,"column":7}},"14":{"start":{"line":64,"column":20},"end":{"line":64,"column":40}},"15":{"start":{"line":66,"column":23},"end":{"line":67,"column":83}},"16":{"start":{"line":69,"column":16},"end":{"line":69,"column":49}},"17":{"start":{"line":72,"column":6},"end":{"line":84,"column":7}},"18":{"start":{"line":73,"column":8},"end":{"line":73,"column":52}},"19":{"start":{"line":74,"column":8},"end":{"line":74,"column":50}},"20":{"start":{"line":75,"column":8},"end":{"line":75,"column":47}},"21":{"start":{"line":76,"column":8},"end":{"line":76,"column":49}},"22":{"start":{"line":77,"column":8},"end":{"line":77,"column":37}},"23":{"start":{"line":78,"column":8},"end":{"line":78,"column":53}},"24":{"start":{"line":80,"column":8},"end":{"line":80,"column":53}},"25":{"start":{"line":83,"column":8},"end":{"line":83,"column":74}},"26":{"start":{"line":87,"column":6},"end":{"line":87,"column":42}},"27":{"start":{"line":91,"column":17},"end":{"line":122,"column":3}},"28":{"start":{"line":92,"column":4},"end":{"line":121,"column":5}},"29":{"start":{"line":93,"column":17},"end":{"line":96,"column":7}},"30":{"start":{"line":97,"column":20},"end":{"line":97,"column":40}},"31":{"start":{"line":99,"column":23},"end":{"line":100,"column":83}},"32":{"start":{"line":102,"column":16},"end":{"line":102,"column":49}},"33":{"start":{"line":105,"column":6},"end":{"line":117,"column":7}},"34":{"start":{"line":106,"column":8},"end":{"line":106,"column":52}},"35":{"start":{"line":107,"column":8},"end":{"line":107,"column":50}},"36":{"start":{"line":108,"column":8},"end":{"line":108,"column":47}},"37":{"start":{"line":109,"column":8},"end":{"line":109,"column":49}},"38":{"start":{"line":110,"column":8},"end":{"line":110,"column":37}},"39":{"start":{"line":111,"column":8},"end":{"line":111,"column":53}},"40":{"start":{"line":113,"column":8},"end":{"line":113,"column":53}},"41":{"start":{"line":116,"column":8},"end":{"line":116,"column":74}},"42":{"start":{"line":120,"column":6},"end":{"line":120,"column":42}},"43":{"start":{"line":124,"column":16},"end":{"line":185,"column":3}},"44":{"start":{"line":125,"column":4},"end":{"line":184,"column":5}},"45":{"start":{"line":126,"column":6},"end":{"line":126,"column":84}},"46":{"start":{"line":127,"column":22},"end":{"line":130,"column":7}},"47":{"start":{"line":131,"column":20},"end":{"line":131,"column":45}},"48":{"start":{"line":133,"column":23},"end":{"line":134,"column":83}},"49":{"start":{"line":136,"column":16},"end":{"line":136,"column":49}},"50":{"start":{"line":139,"column":6},"end":{"line":180,"column":7}},"51":{"start":{"line":140,"column":8},"end":{"line":140,"column":44}},"52":{"start":{"line":141,"column":8},"end":{"line":141,"column":50}},"53":{"start":{"line":142,"column":8},"end":{"line":142,"column":41}},"54":{"start":{"line":145,"column":8},"end":{"line":165,"column":9}},"55":{"start":{"line":148,"column":10},"end":{"line":148,"column":49}},"56":{"start":{"line":154,"column":10},"end":{"line":156,"column":11}},"57":{"start":{"line":155,"column":12},"end":{"line":155,"column":32}},"58":{"start":{"line":158,"column":10},"end":{"line":160,"column":11}},"59":{"start":{"line":159,"column":12},"end":{"line":159,"column":32}},"60":{"start":{"line":167,"column":11},"end":{"line":180,"column":7}},"61":{"start":{"line":168,"column":8},"end":{"line":168,"column":86}},"62":{"start":{"line":171,"column":8},"end":{"line":171,"column":53}},"63":{"start":{"line":173,"column":8},"end":{"line":173,"column":15}},"64":{"start":{"line":176,"column":8},"end":{"line":176,"column":66}},"65":{"start":{"line":177,"column":8},"end":{"line":177,"column":42}},"66":{"start":{"line":178,"column":8},"end":{"line":178,"column":72}},"67":{"start":{"line":179,"column":8},"end":{"line":179,"column":15}},"68":{"start":{"line":183,"column":6},"end":{"line":183,"column":42}},"69":{"start":{"line":188,"column":15},"end":{"line":251,"column":2}}},"fnMap":{"0":{"name":"(anonymous_0)","decl":{"start":{"line":9,"column":2},"end":{"line":9,"column":3}},"loc":{"start":{"line":9,"column":21},"end":{"line":15,"column":3}},"line":9},"1":{"name":"(anonymous_1)","decl":{"start":{"line":17,"column":2},"end":{"line":17,"column":3}},"loc":{"start":{"line":17,"column":11},"end":{"line":42,"column":3}},"line":17},"2":{"name":"(anonymous_2)","decl":{"start":{"line":25,"column":26},"end":{"line":25,"column":27}},"loc":{"start":{"line":25,"column":35},"end":{"line":25,"column":55}},"line":25},"3":{"name":"(anonymous_3)","decl":{"start":{"line":31,"column":26},"end":{"line":31,"column":27}},"loc":{"start":{"line":31,"column":35},"end":{"line":31,"column":58}},"line":31},"4":{"name":"(anonymous_4)","decl":{"start":{"line":44,"column":14},"end":{"line":44,"column":15}},"loc":{"start":{"line":44,"column":25},"end":{"line":48,"column":3}},"line":44},"5":{"name":"(anonymous_5)","decl":{"start":{"line":50,"column":13},"end":{"line":50,"column":14}},"loc":{"start":{"line":50,"column":28},"end":{"line":52,"column":3}},"line":50},"6":{"name":"(anonymous_6)","decl":{"start":{"line":54,"column":16},"end":{"line":54,"column":17}},"loc":{"start":{"line":54,"column":31},"end":{"line":56,"column":3}},"line":54},"7":{"name":"(anonymous_7)","decl":{"start":{"line":58,"column":17},"end":{"line":58,"column":18}},"loc":{"start":{"line":58,"column":28},"end":{"line":89,"column":3}},"line":58},"8":{"name":"(anonymous_8)","decl":{"start":{"line":91,"column":17},"end":{"line":91,"column":18}},"loc":{"start":{"line":91,"column":28},"end":{"line":122,"column":3}},"line":91},"9":{"name":"(anonymous_9)","decl":{"start":{"line":124,"column":16},"end":{"line":124,"column":17}},"loc":{"start":{"line":124,"column":27},"end":{"line":185,"column":3}},"line":124}},"branchMap":{"0":{"loc":{"start":{"line":72,"column":6},"end":{"line":84,"column":7}},"type":"if","locations":[{"start":{"line":72,"column":6},"end":{"line":84,"column":7}},{"start":{"line":72,"column":6},"end":{"line":84,"column":7}}],"line":72},"1":{"loc":{"start":{"line":105,"column":6},"end":{"line":117,"column":7}},"type":"if","locations":[{"start":{"line":105,"column":6},"end":{"line":117,"column":7}},{"start":{"line":105,"column":6},"end":{"line":117,"column":7}}],"line":105},"2":{"loc":{"start":{"line":139,"column":6},"end":{"line":180,"column":7}},"type":"if","locations":[{"start":{"line":139,"column":6},"end":{"line":180,"column":7}},{"start":{"line":139,"column":6},"end":{"line":180,"column":7}}],"line":139},"3":{"loc":{"start":{"line":145,"column":8},"end":{"line":165,"column":9}},"type":"if","locations":[{"start":{"line":145,"column":8},"end":{"line":165,"column":9}},{"start":{"line":145,"column":8},"end":{"line":165,"column":9}}],"line":145},"4":{"loc":{"start":{"line":154,"column":10},"end":{"line":156,"column":11}},"type":"if","locations":[{"start":{"line":154,"column":10},"end":{"line":156,"column":11}},{"start":{"line":154,"column":10},"end":{"line":156,"column":11}}],"line":154},"5":{"loc":{"start":{"line":158,"column":10},"end":{"line":160,"column":11}},"type":"if","locations":[{"start":{"line":158,"column":10},"end":{"line":160,"column":11}},{"start":{"line":158,"column":10},"end":{"line":160,"column":11}}],"line":158},"6":{"loc":{"start":{"line":167,"column":11},"end":{"line":180,"column":7}},"type":"if","locations":[{"start":{"line":167,"column":11},"end":{"line":180,"column":7}},{"start":{"line":167,"column":11},"end":{"line":180,"column":7}}],"line":167}},"s":{"0":1,"1":1,"2":1,"3":0,"4":0,"5":1,"6":0,"7":1,"8":0,"9":1,"10":0,"11":1,"12":0,"13":0,"14":0,"15":0,"16":0,"17":0,"18":0,"19":0,"20":0,"21":0,"22":0,"23":0,"24":0,"25":0,"26":0,"27":1,"28":0,"29":0,"30":0,"31":0,"32":0,"33":0,"34":0,"35":0,"36":0,"37":0,"38":0,"39":0,"40":0,"41":0,"42":0,"43":1,"44":0,"45":0,"46":0,"47":0,"48":0,"49":0,"50":0,"51":0,"52":0,"53":0,"54":0,"55":0,"56":0,"57":0,"58":0,"59":0,"60":0,"61":0,"62":0,"63":0,"64":0,"65":0,"66":0,"67":0,"68":0,"69":1},"f":{"0":1,"1":1,"2":0,"3":0,"4":0,"5":0,"6":0,"7":0,"8":0,"9":0},"b":{"0":[0,0],"1":[0,0],"2":[0,0],"3":[0,0],"4":[0,0],"5":[0,0],"6":[0,0]},"_coverageSchema":"1a1c01bbd47fc00a2c39e90264f33305004495a9","hash":"784cdf331af68041f02fe70c9be55c25e77f97f7"}
}
