TN:
SF:assets/background.png
FNF:0
FNH:0
DA:1,1
LF:1
LH:1
BRF:0
BRH:0
end_of_record
TN:
SF:screens/global.js
FNF:0
FNH:0
DA:1,2
DA:2,2
DA:3,2
DA:4,2
DA:5,2
DA:6,2
DA:7,2
DA:8,2
DA:13,2
DA:16,2
DA:18,2
DA:20,2
DA:21,2
DA:22,2
DA:23,2
DA:24,2
DA:25,2
DA:26,2
DA:27,2
DA:28,2
DA:29,2
DA:30,2
DA:31,2
DA:33,2
LF:24
LH:24
BRF:0
BRH:0
end_of_record
TN:
SF:screens/loginscreen.js
FN:9,(anonymous_0)
FN:17,(anonymous_1)
FN:25,(anonymous_2)
FN:31,(anonymous_3)
FN:44,(anonymous_4)
FN:50,(anonymous_5)
FN:54,(anonymous_6)
FN:58,(anonymous_7)
FN:91,(anonymous_8)
FN:124,(anonymous_9)
FNF:10
FNH:2
FNDA:1,(anonymous_0)
FNDA:1,(anonymous_1)
FNDA:0,(anonymous_2)
FNDA:0,(anonymous_3)
FNDA:0,(anonymous_4)
FNDA:0,(anonymous_5)
FNDA:0,(anonymous_6)
FNDA:0,(anonymous_7)
FNDA:0,(anonymous_8)
FNDA:0,(anonymous_9)
DA:10,1
DA:11,1
DA:18,1
DA:25,0
DA:31,0
DA:44,1
DA:47,0
DA:50,1
DA:51,0
DA:54,1
DA:55,0
DA:58,1
DA:59,0
DA:60,0
DA:64,0
DA:66,0
DA:69,0
DA:72,0
DA:73,0
DA:74,0
DA:75,0
DA:76,0
DA:77,0
DA:78,0
DA:80,0
DA:83,0
DA:87,0
DA:91,1
DA:92,0
DA:93,0
DA:97,0
DA:99,0
DA:102,0
DA:105,0
DA:106,0
DA:107,0
DA:108,0
DA:109,0
DA:110,0
DA:111,0
DA:113,0
DA:116,0
DA:120,0
DA:124,1
DA:125,0
DA:126,0
DA:127,0
DA:131,0
DA:133,0
DA:136,0
DA:139,0
DA:140,0
DA:141,0
DA:142,0
DA:145,0
DA:148,0
DA:154,0
DA:155,0
DA:158,0
DA:159,0
DA:167,0
DA:168,0
DA:171,0
DA:173,0
DA:176,0
DA:177,0
DA:178,0
DA:179,0
DA:183,0
DA:188,1
LF:70
LH:10
BRDA:72,0,0,0
BRDA:72,0,1,0
BRDA:105,1,0,0
BRDA:105,1,1,0
BRDA:139,2,0,0
BRDA:139,2,1,0
BRDA:145,3,0,0
BRDA:145,3,1,0
BRDA:154,4,0,0
BRDA:154,4,1,0
BRDA:158,5,0,0
BRDA:158,5,1,0
BRDA:167,6,0,0
BRDA:167,6,1,0
BRF:14
BRH:0
end_of_record
